<?xml version="1.0" encoding="UTF-8" ?>
<testsuite tests="5" failures="0" name="bbc.forge.dsp.jaxrs.AuditLoggerTest" time="0.013" errors="0" skipped="0">
  <properties>
[...]
</properties>
  <testcase classname="bbc.forge.dsp.jaxrs.AuditLoggerTest" name="with_the_GET_verb_no_log_is_made" time="0"/>
  <testcase classname="bbc.forge.dsp.jaxrs.AuditLoggerTest" name="with_the_DELETE_verb_a_log_is_made" time="0.01"/>
  <testcase classname="bbc.forge.dsp.jaxrs.AuditLoggerTest" name="with_no_email_header_a_log_is_made" time="0.001"/>
  <testcase classname="bbc.forge.dsp.jaxrs.AuditLoggerTest" name="with_a_query_string_a_log_is_made_including_the_string" time="0.001"/>
  <testcase classname="bbc.forge.dsp.jaxrs.AuditLoggerTest" name="with_badly_formatted_email_header_a_log_is_made" time="0"/>
</testsuite>